0.20481056039526954 -0.038072870409909206
0.20900947440055542 -0.037757916252136155
0.21329447224248435 -0.037635756018525535
0.2176673187647566 -0.037273438684706985
0.22212981499293194 -0.037266756800201535
0.2266837988762111 -0.03688229840131074
0.23133114604442248 -0.03680071081294073
0.23607377058053136 -0.036389738761071586
0.24091362580898368 -0.03620116830468989
0.24585270510021398 -0.035771193889315864
0.25089304269164714 -0.03559271334285498
0.2560367145255294 -0.035464812032669074
0.26128583910393893 -0.035111034726691526
0.26664257836132443 -0.03483711725016869
0.2721091385549304 -0.03462577155071541
0.27768777117348076 -0.03428270002411102
0.28338077386448823 -0.03400233916838016
0.289190491380577 -0.03368671568271985
0.2951193165452072 -0.03317424436040172
0.30116969123819476 -0.03286290731244552
0.30734410740143914 -0.0325071197988095
0.31364510806526946 -0.032190481142432684
0.32007528839582966 -0.031757266748863436
0.32663729676394054 -0.03143439819760626
0.33333383583587106 -0.030958640895528817
0.34016766368647455 -0.030597463727987106
0.3471415949351466 -0.030243845031388765
0.35425850190506775 -0.02970108971221129
0.3615213158062163 -0.02927342400577034
0.36893302794263433 -0.028756787596325068
0.3764966909444403 -0.02828691138902357
0.38421542002510645 -0.027731189848265118
0.3920923942645049 -0.027272658742007877
0.4001308579182636 -0.026642303982095904
0.4083341217539644 -0.0260101336872481
0.4167055644147332 -0.025466697684285222
0.4252486338107877 -0.024651172047642007
0.43396684853951484 -0.023984507347227943
0.4428637993346582 -0.023451377452535175
0.45194315054521894 -0.022721599937625375
0.46120864164467734 -0.021980189381959968
0.4706640887711501 -0.02121583964581604
0.4803133862991308 -0.020455647041172625
0.4901605084434457 -0.019448311511044543
0.5002095108960986 -0.018637283764530093
0.5104645324966715 -0.017668055411275817
0.5209297969369687 -0.016818629286516517
0.5316096145006144 -0.015745363213233193
0.5425083838383059 -0.01458221044356946
0.5536305937794702 -0.013601836988827267
0.5649808251810594 -0.012427786105413783
0.5765637528142462 -0.011218350269083122
0.5883841472898031 -0.010075175332767111
0.6004468770229549 -0.008649416027407092
0.6127569102385089 -0.007226166246891221
0.625319317017098 -0.005818617579472315
0.6381392713833753 -0.004282205827352277
0.6512220534370132 -0.0028642659852057884
0.6645730515273972 -0.0013020689310133222
0.6781977644729049 0.0005017436879836292
0.6921018038256758 0.002209839461328895
0.7062908961828223 0.004219379811613215
0.7207708855450137 0.005906658290625849
0.7355477357234254 0.007946992031148055
0.7506275327960227 0.010170464324215638
0.7660164876142098 0.012195890896031528
0.7817209383608701 0.014575417158703908
0.79774735316084 0.01694984142392821
0.8141023327449111 0.019470265027741875
0.8307926131684475 0.02194791279359217
0.8478250685857309 0.024732024169354425
0.8652067140811911 0.027584933616500835
0.8829447085586819 0.030406709426630197
0.901046357689983 0.0336785163407755
0.9195191169237579 0.03663655491840943
0.9383705945562006 0.040294186495853965
0.9576085548646267 0.04365668053275737
0.977240921305315 0.04738393555640397
0.9972757797769115 0.05132748197748418
1.017721381950726 0.05533033070247086
1.038586148669321 0.059454037519895135
1.0598786734147605 0.0637569798033484
1.0816077258479773 0.06835284768028595
1.1037822554206898 0.07340219207914711
1.126411395061377 0.07858415548680436
1.1495044649368225 0.08379220594306563
1.1730709762907634 0.0897680856291981
1.197120635361251 0.09571530065437163
1.2216633473783187 0.10193140078415731
1.2467092206436017 0.10847245347798927
1.2722685706936026 0.11526609220525431
1.29835192454831 0.12235977319076438
1.324970025046911 0.12983985098893772
1.3521338352724015 0.13799868465370915
1.3798545430669087 0.14627091876246084
1.4081435656395707 0.1546835078167658
1.437012554268898 0.1639124724912133
1.4664733991015406 0.17364537525506402
1.4965382340494213 0.18381614827525825
1.5272194417872882 0.19481603317053042
1.5585296588527053 0.2056286153968566
1.5904817808506175 0.21779690229485812
1.6230889677646 0.2298921911324134
1.656364649377008 0.24334093195948311
1.6903225308002479 0.256915797501058
1.7249765981214358 0.2719035197158429
1.7603411241627882 0.28711971524948227
1.7964306743601177 0.3032581311106826
1.8332601127618227 0.3207575093704724
1.870844608150887 0.33943089183153624
1.909199640292385 0.3586525776555629
1.9483410063090565 0.3791151698153076
1.988284827187606 0.40210470494516926
2.0290475544183852 0.42529096673027095
2.070645976771201 0.44910007444152117
2.1130972272100155 0.4755563662488614
2.156418789949453 0.5047766128414579
2.2006285076559333 0.5360427128687016
2.245744588796453 0.5674843562610257
2.2917856151380334 0.6024512392162038
2.3387705494009183 0.6418149683496904
2.386718743068656 0.6848723864582972
2.435649944358318 0.7274900271326985
2.4855843063541196 0.7768607920531531
2.536542395307773 0.827487326216975
2.588545199109023 0.8823120042711127
2.6416141359298515 0.9441526244820785
2.6957710630458704 1.0083936585017705
2.7510382858385927 1.086150431886345
2.807438566982264 1.1686226461615408
2.864995135819007 1.2572891201987888
2.923731697926203 1.3582178361234316
2.9836724448800123 1.4672187881217273
3.0448420642190497 1.5938670684591523
3.107265749612316 1.737976687705239
3.1709692112356445 1.8761401288419155
3.2359786863608146 2.0759678451049437
3.3023209501617856 2.2886099204918384
3.370023326742479 2.5227164436409857
3.4391137003906476 2.853006494072361
3.5096205270624385 3.20933987812538
3.5815728461024374 3.628414166671082
3.6550002922039875 4.068516938214853
3.729933107614685 4.776535503197465
3.806402154592131 5.722106115450259
3.8844389281150518 7.382305626825708
3.9640755688549767 8.926855099629405
4.045344876413892 16.039844082907834
4.128280322833275 23.459327257973214
4.212916066380086 -36.11015609907937
4.299286965615348 -88.89861144692517
4.387428593751249 -28.080909204771455
4.477377253302499 -17.64137329196902
4.569169991038085 -12.578968461474314
4.662844613239573 -10.057300432318067
4.758439701272235 -8.932256052284618
4.855994627475361 -7.442580419423237
4.955549571378392 -6.476604802634301
5.057145536249503 -5.9016972390986595
5.160824365983412 -5.297798091710281
5.266628762335477 -4.8950837694492115
5.374602302509059 -4.505172349363013
5.4847894571035 -4.2368815578060435
5.597235608430027 -3.979456164605293
5.711987069203169 -3.7721720402600027
5.829091101615374 -3.579431635086032
5.948595936802702 -3.4355293375601157
6.070550794709556 -3.289384932475052
6.1950059043607055 -3.158854994166235
6.322012524548883 -3.0538332899983187
6.45162296494654 -2.962275924606844
6.5838906076504005 -2.866289404738447
6.718869929167718 -2.7880548534668113
6.856616522853268 -2.713839504542566
6.997187121806373 -2.651487251713894
7.140639622237296 -2.5895548751970527
7.287033107312714 -2.532778550117163
7.436427871490045 -2.4793371078710957
7.588885445350675 -2.436339017057106
7.744468620942289 -2.3927376300662413
7.903241477640769 -2.350065534829336
8.065269408542273 -2.3104433910749607
8.230619147396437 -2.2794728953310095
8.399358796091702 -2.2444905154307273
8.571557852704153 -2.2149542223753027
8.747287240121375 -2.1859471454754535
8.926619335253191 -2.1596969359340785
9.109627998841209 -2.1355539247079878
9.296388605879539 -2.111357630283061
9.486978076659144 -2.088529177517838
9.68147490844871 -2.068712210308965
9.879959207824957 -2.0488552970778318
10.082512723665777 -2.0297291689691392
10.289218880819833 -2.0112080912113894
10.500162814466359 -1.996749144839278
10.715431405179446 -1.9808854508524723
10.93511331471114 -1.9664254071693663
11.159299022508222 -1.9521080529068444
11.38808086297755 -1.9380766650814607
11.621553063515465 -1.9263842315497286
11.859811783316793 -1.9146486371317286
12.102955152979558 -1.9030281047239104
12.351083314921581 -1.892908437824195
12.604298464625737 -1.8822491687663656
12.862704892730722 -1.8733358402610445
13.12640902798485 -1.8641813367499624
13.39551948108037 -1.855334612586177
13.670147089386502 -1.8465985951207546
13.95040496259952 -1.839169345363564
14.236408529328804 -1.832061588025014
14.528275584637894 -1.8250654866025693
14.826126338560258 -1.8177307893838122
15.130083465609642 -1.8109063402747119
15.440272155305555 -1.805038115325957
15.756820163734506 -1.799388797620738
16.079857866168368 -1.7932919163533472
16.40951831076145 -1.7877450012872773
16.74593727334852 -1.7830719980515268
17.089253313366193 -1.7784328151815443
17.439607830920814 -1.7729763555226916
17.79714512502628 -1.7689093443027164
18.162012453035924 -1.7642765058252303
18.53436009129273 -1.7603506912076898
18.914341397023012 -1.7563444551846177
19.302112871498966 -1.7526218766764008
19.69783422449625 -1.7490101470325672
20.101668440072924 -1.7452108020735304
20.513781843696936 -1.742132004503952
20.93434417075003 -1.7389451528163458
21.363528636435777 -1.7358860258847004
21.801512007121033 -1.7327758910065376
22.24847467314003 -1.7301896741641656
22.704600723090817 -1.7272903313250785
23.170078019655122 -1.7248058856423776
23.645098276972618 -1.7223669676897382
24.12985713960124 -1.72006542266582
24.624554263096655 -1.7173669136060392
25.12939339624339 -1.715305705611089
25.64458246497201 -1.7131423837723887
26.170333657996785 -1.711437531942248
26.706863514208788 -1.7090728963705026
27.254393011860902 -1.707117157517524
27.813147659581297 -1.7052138039365796
28.383357589252473 -1.703350217068639
28.96525765079495 -1.7017719106136433
29.559087508893676 -1.700232474262715
30.165091741707794 -1.6986227023557938
30.783519941604087 -1.6969697237877055
31.414626817955323 -1.6952904043794734
32.05867230204643 -1.6938423993957468
32.715921654131364 -1.6923464485539084
33.38664557268444 -1.690992748367061
34.07112030589212 -1.689572104517503
34.76962776542986 -1.6882426321471724
35.48245564257195 -1.6869694760374954
36.209897526681836 -1.6856870828551058
36.952253026131324 -1.684403440233283
37.70982789169902 -1.6832972643895991
38.482934142498785 -1.6820952480861247
39.27189019448942 -1.680869958272431
40.07702099161945 -1.6797090142130113
40.89865813966049 -1.6786796901585221
41.737140042784006 -1.6775245511097305
42.59281204293875 -1.6763821072526992
43.46602656208493 -1.6752194261504127
44.357143247344894 -1.6742178659033904
45.266529119129565 -1.6730993902648446
46.194558722301316 -1.671985816407586
47.14161428043626 -1.6709156179276912
48.108085853249214 -1.6698844987697035
49.094371497245575 -1.668849151827383
50.10087742966753 -1.667855778072565
51.128018195800664 -1.6667134515088813
52.17621683971111 -1.665702527573151
53.24590507848304 -1.6645284841102403
54.33752348002784 -1.663434755466758
55.451521644539035 -1.6623667667352864
56.588358389667434 -1.6613012221044654
57.74850193949193 -1.6601208626728088
58.93243011736545 -1.6590180322026402
60.140630542713566 -1.6578876672472558
61.37360083186844 -1.6566983201392411
62.63184880302004 -1.655530836867231
63.91589268536878 -1.6542818560298997
65.22626133256645 -1.6530745726024263
66.56349444053312 -1.6517592365052431
67.92814276973901 -1.6505106927118696
69.32076837204424 -1.6491744112546622
70.74194482218833 -1.6477961850491922
72.19225745402618 -1.6463886882630414
73.67230360160723 -1.6449848119507902
75.18269284519637 -1.643514252583258
76.72404726233947 -1.6420041890272354
78.29700168407597 -1.6404040382127765
79.90220395640357 -1.6387972515956692
81.54031520710402 -1.6371411254262898
83.2120101180392 -1.6354443134562857
84.91797720302891 -1.6336771951615012
86.65891909142677 -1.631800805667157
88.43555281750857 -1.6299280086151227
90.24861011579432 -1.6280277576837827
92.09883772242493 -1.625997168653752
93.98699768271668 -1.6238867964683514
95.9138676650218 -1.6216824707941162
97.88024128102367 -1.6194965674453163
99.88692841259771 -1.6171227181442627
101.93475554537459 -1.6147016277003603
104.02456610914068 -1.6122045674553735
106.15722082521825 -1.6096202971227138
108.33359806096725 -1.6068907853696537
110.55459419155416 -1.6040875880816248
112.82112396913851 -1.6011669631364063
115.13412089962821 -1.5981498512728591
117.49453762715794 -1.59498128656259
119.90334632645138 -1.5917340782004616
122.361539103226 -1.588308183475103
124.87012840280754 -1.584748447534378
127.43014742712214 -1.5810881480471435
130.04265056023587 -1.5772560035340673
132.7087138026197 -1.5732763662941311
135.42943521431798 -1.5691369081803945
138.20593536720034 -1.5648188814318462
141.03935780648771 -1.5603479534461149
143.93086952173957 -1.5556516714494262
146.88166142749603 -1.550805319812592
149.8929488537759 -1.5457357863047259
152.96597204662828 -1.5404565622965694
156.10199667894796 -1.5349620940236837
159.30231437176306 -1.5292442018369086
162.56824322620866 -1.5232818937082317
165.90112836640782 -1.517055510989066
169.30234249348254 -1.5105809263446293
172.77328645092123 -1.5038330809213158
176.31538980153945 -1.4968123394337296
179.93011141626664 -1.489481072733798
183.6189400750054 -1.4818250732849019
187.38339507980965 -1.4738539488881817
191.2250268806318 -1.4655356455757684
195.14541771390057 -1.456865164945269
199.14618225419053 -1.447822656911631
203.22896827924967 -1.4383954532616439
207.39545734866437 -1.4285392737296245
211.64736549643453 -1.4182844601436129
215.98644393774998 -1.4075597050587856
220.4144797902563 -1.3963794390619386
224.9332968101063 -1.3847043105699588
229.54475614310317 -1.3725163558037456
234.25075709124334 -1.35978428957487
239.05323789497228 -1.3464816501055934
243.9541765314811 -1.3325973611725288
248.95559152936585 -1.3180916521755845
254.059542799991 -1.302929046034174
259.2681324858972 -1.2870872290702684
264.58350582659995 -1.2705241944970482
270.0078520421411 -1.2532077780788167
275.5434052347545 -1.2351004428362802
281.1924453090141 -1.2161597663216488
286.95729891084954 -1.1963475775608323
292.84034038581285 -1.1756133722206508
298.8439927569876 -1.1539113416141475
304.9707287229515 -1.13118599851328
311.22307167619454 -1.1073959398067355
317.6035967424179 -1.082469507617235
324.1149318411415 -1.0563473018609273
330.7597587680521 -1.028974686073168
337.54081429954334 -1.0002678668465212
344.4608913199017 -0.9701569295014107
351.5228399715973 -0.938564785710564
358.72956882916264 -0.9054063655860909
366.0840460971317 -0.8705846965981069
373.58930083254364 -0.8340121640890477
381.2484241925081 -0.7955754895233234
389.0645707073445 -0.755163028007826
397.04095957982645 -0.7126543181474764
405.18087601106174 -0.6679215870011522
413.48767255355176 -0.6208247996276628
421.9647704919956 -0.5712113363987102
430.6156612523975 -0.518916080449827
439.44390784006663 -0.4637686579338573
448.45314630709805 -0.4055793127334434
457.6470872499352 -0.34414672265077245
467.02951733763905 -0.2792490610762396
476.60430087148814 -0.21065566925860787
486.3753813765494 -0.13811164459973652
496.3467832258822 -0.06135128528916124
506.5226132980408 0.019911964473091518
516.9070626685542 0.10597779203043149
527.5044083360897 0.19715819375228566
538.3190149839983 0.2937735817821926
549.3553367779806 0.3961439864135529
560.6179192006055 0.5045734015446685
572.1114009234362 0.6193258645687925
583.8405157175416 0.7406189867650641
595.8100944031751 0.8685172239264185
608.0250668394204 1.0029210573046503
620.490463954637 1.1434225752577138
633.2114198185212 1.2891786946434003
646.1931737566564 1.4386016843136566
659.4410725084132 1.5890758171223256
672.9605724290844 1.7364489995008043
686.7572417371723 1.8743482892094263
700.8367628077493 1.9932746388355758
715.2049345128285 2.0796941789416277
729.8676746097253 2.114939467974647
744.8310221783753 2.0755354742434324
760.1011401086245 1.9342751550444492
775.6843176385158 1.6668122694717324
791.5869729446063 1.2606988059462116
807.8156557853947 0.728568028463346
824.3770501989468 0.1155747768987005
841.2779772558144 -0.5066056439626045
858.5253978684079 -1.0609990788043333
876.1264156579514 -1.4898768832441278
894.0882798802226 -1.7676479659569289
912.4183884112764 -1.8977657428731074
931.1242907943705 -1.9010468549647361
950.213691349366 -1.8042300484374705
969.6944523458758 -1.6323489099598212
989.5745972414579 -1.4060077678101235
1009.8623139862057 -1.1407307657395114
1030.565958395087 -0.8478168229295671
1051.6940575894093 -0.5356246010321252
1073.255313508859 -0.21083316713477826
1095.2586064955237 0.12037298131837329
1117.7129989514033 0.4508794470660495
1140.6277390709063 0.771250561255364
1164.0122646498583 1.067832451993162
1187.8762069726083 1.3210864790262584
1212.2293947788298 1.5033958142566273
1237.081858311631 1.5797674570976277
1262.443833448681 1.5111257051155043
1288.325765918005 1.266580393905982
1314.738315600227 0.8433400639279673
